MyContactsCordovaIonic/MyContactsCordovaIonic/bin/Android/Debug/manifest-merger-debug-report.txt
-- Merging decision tree log ---
manifest
ADDED from AndroidManifest.xml:2:1
	android:hardwareAccelerated
		ADDED from AndroidManifest.xml:2:11
	xmlns:android
		ADDED from AndroidManifest.xml:2:135
	package
		ADDED from AndroidManifest.xml:2:102
	android:versionName
		ADDED from AndroidManifest.xml:2:74
	android:versionCode
		ADDED from AndroidManifest.xml:2:46
		INJECTED from AndroidManifest.xml:0:0
		INJECTED from AndroidManifest.xml:0:0
supports-screens
ADDED from AndroidManifest.xml:3:5
	android:resizeable
		ADDED from AndroidManifest.xml:3:106
	android:largeScreens
		ADDED from AndroidManifest.xml:3:49
	android:anyDensity
		ADDED from AndroidManifest.xml:3:23
	android:normalScreens
		ADDED from AndroidManifest.xml:3:77
	android:xlargeScreens
		ADDED from AndroidManifest.xml:3:160
	android:smallScreens
		ADDED from AndroidManifest.xml:3:132
uses-permission#android.permission.INTERNET
ADDED from AndroidManifest.xml:4:5
	android:name
		ADDED from AndroidManifest.xml:4:22
uses-permission#android.permission.ACCESS_NETWORK_STATE
ADDED from AndroidManifest.xml:5:5
	android:name
		ADDED from AndroidManifest.xml:5:22
uses-permission#android.permission.ACCESS_WIFI_STATE
ADDED from AndroidManifest.xml:6:5
	android:name
		ADDED from AndroidManifest.xml:6:22
application
ADDED from AndroidManifest.xml:7:5
MERGED from com.microsoft.aad:adal:1.1.1:11:5
MERGED from com.android.support:support-v4:23.1.1:22:5
	android:allowBackup
		ADDED from com.microsoft.aad:adal:1.1.1:12:9
	android:supportsRtl
		ADDED from AndroidManifest.xml:7:116
	android:label
		ADDED from AndroidManifest.xml:7:83
	android:icon
		ADDED from AndroidManifest.xml:7:53
	android:theme
		ADDED from com.microsoft.aad:adal:1.1.1:13:9
	android:hardwareAccelerated
		ADDED from AndroidManifest.xml:7:18
activity#io.cordova.myapp5bd0ce.MainActivity
ADDED from AndroidManifest.xml:8:9
	android:windowSoftInputMode
		ADDED from AndroidManifest.xml:8:248
	android:label
		ADDED from AndroidManifest.xml:8:97
	android:configChanges
		ADDED from AndroidManifest.xml:8:19
	android:theme
		ADDED from AndroidManifest.xml:8:194
	android:name
		ADDED from AndroidManifest.xml:8:166
	android:launchMode
		ADDED from AndroidManifest.xml:8:135
intent-filter#android.intent.action.MAIN+android.intent.category.LAUNCHER
ADDED from AndroidManifest.xml:9:13
	android:label
		ADDED from AndroidManifest.xml:9:28
action#android.intent.action.MAIN
ADDED from AndroidManifest.xml:10:17
	android:name
		ADDED from AndroidManifest.xml:10:25
category#android.intent.category.LAUNCHER
ADDED from AndroidManifest.xml:11:17
	android:name
		ADDED from AndroidManifest.xml:11:27
activity#com.microsoft.aad.adal.AuthenticationActivity
ADDED from AndroidManifest.xml:14:9
MERGED from com.microsoft.aad:adal:1.1.1:14:9
	android:name
		ADDED from AndroidManifest.xml:14:19
uses-sdk
ADDED from AndroidManifest.xml:16:5
MERGED from android:CordovaLib:unspecified:debug:25:5
MERGED from android.cordova-plugin-ms-adal:CordovaADAL:unspecified:debug:11:5
MERGED from com.microsoft.aad:adal:1.1.1:7:5
MERGED from com.android.support:support-v4:23.1.1:20:5
MERGED from android:CordovaLib:unspecified:debug:25:5
	android:targetSdkVersion
		ADDED from AndroidManifest.xml:16:42
	android:minSdkVersion
		ADDED from AndroidManifest.xml:16:15
uses-permission#android.permission.GET_ACCOUNTS
ADDED from AndroidManifest.xml:17:5
	android:name
		ADDED from AndroidManifest.xml:17:22
uses-permission#android.permission.MANAGE_ACCOUNTS
ADDED from AndroidManifest.xml:18:5
	android:name
		ADDED from AndroidManifest.xml:18:22
uses-permission#android.permission.USE_CREDENTIALS
ADDED from AndroidManifest.xml:19:5
	android:name
		ADDED from AndroidManifest.xml:19:22